\BOOKMARK [0][-]{abstract.0}{ABSTRACT}{}
\BOOKMARK [0][-]{acknowledgments.0}{ACKNOWLEDGMENTS}{}
\BOOKMARK [0][-]{tableofcontents.0}{TABLE OF CONTENTS}{}
\BOOKMARK [0][-]{chapter*.4}{LIST OF FIGURES}{}
\BOOKMARK [0][-]{chapter*.5}{LIST OF TABLES}{}
\BOOKMARK [0][-]{chapter.1}{CHAPTER ONE: INTRODUCTION}{}
\BOOKMARK [1][-]{section.1.1}{1.1 First-level Subheading}{chapter.1}
\BOOKMARK [2][-]{subsection.1.1.1}{1.1.1 Second-level Subheading}{section.1.1}
\BOOKMARK [0][-]{chapter.2}{CHAPTER TWO: LITERATURE REVIEW}{}
\BOOKMARK [1][-]{section.2.1}{2.1 First-level Subheading}{chapter.2}
\BOOKMARK [0][-]{chapter.3}{CHAPTER THREE: METHODOLOGY}{}
\BOOKMARK [1][-]{section.3.1}{3.1 Numbering Subheadings}{chapter.3}
\BOOKMARK [0][-]{chapter.4}{CHAPTER FOUR: FINDINGS}{}
\BOOKMARK [1][-]{section.4.1}{4.1 Sample Table}{chapter.4}
\BOOKMARK [1][-]{section.4.2}{4.2 Sample Figure}{chapter.4}
\BOOKMARK [0][-]{chapter.5}{CHAPTER FIVE: CONCLUSION}{}
\BOOKMARK [1][-]{section.5.1}{5.1 Bookmarks}{chapter.5}
\BOOKMARK [0][-]{appendix.A}{APPENDIX: TITLE OF APPENDIX}{}
\BOOKMARK [1][-]{section.A.1}{A.1 About References}{appendix.A}
\BOOKMARK [0][-]{appendix.B}{APPENDIX B: TITLE OF APPENDIX}{}
\BOOKMARK [1][-]{section.B.1}{B.1 About References}{appendix.B}
\BOOKMARK [0][-]{appendix*.7}{LIST OF REFERENCES}{}
